Base path: D:/unity/Editor/Data
Cmd: initializeCompiler
Cmd: disassembleShader
  api=4 insize=1590 outsize=2695 ok=1
Cmd: compileSnippet
  api=4 type=0 insize=2120 outsize=1590 kw=UNITY_PASS_FORWARDBASE DIRECTIONAL LIGHTPROBE_SH VERTEXLIGHT_ON pd=UNITY_ENABLE_REFLECTION_BUFFERS UNITY_USE_DITHER_MASK_FOR_ALPHABLENDED_SHADOWS UNITY_PBS_USE_BRDF1 UNITY_SPECCUBE_BOX_PROJECTION UNITY_SPECCUBE_BLENDING UNITY_ENABLE_DETAIL_NORMALMAP SHADER_API_DESKTOP UNITY_COLORSPACE_GAMMA UNITY_LIGHT_PROBE_PROXY_VOLUME UNITY_LIGHTMAP_FULL_HDR ok=1
Cmd: disassembleShader
  api=4 insize=1590 outsize=2695 ok=1
Cmd: compileSnippet
  api=4 type=0 insize=2120 outsize=1590 kw=UNITY_PASS_FORWARDBASE DIRECTIONAL SHADOWS_SCREEN VERTEXLIGHT_ON pd=UNITY_ENABLE_REFLECTION_BUFFERS UNITY_USE_DITHER_MASK_FOR_ALPHABLENDED_SHADOWS UNITY_PBS_USE_BRDF1 UNITY_SPECCUBE_BOX_PROJECTION UNITY_SPECCUBE_BLENDING UNITY_ENABLE_DETAIL_NORMALMAP SHADER_API_DESKTOP UNITY_COLORSPACE_GAMMA UNITY_LIGHT_PROBE_PROXY_VOLUME UNITY_LIGHTMAP_FULL_HDR ok=1
Cmd: disassembleShader
  api=4 insize=1590 outsize=2695 ok=1
Cmd: disassembleShader
  api=4 insize=546 outsize=1214 ok=1
Cmd: disassembleShader
  api=4 insize=546 outsize=1214 ok=1
Cmd: disassembleShader
  api=4 insize=1102 outsize=2161 ok=1
Cmd: compileSnippet
  api=4 type=0 insize=4225 outsize=1102 kw=UNITY_PASS_FORWARDBASE DIRECTIONAL VERTEXLIGHT_ON pd=UNITY_ENABLE_REFLECTION_BUFFERS UNITY_USE_DITHER_MASK_FOR_ALPHABLENDED_SHADOWS UNITY_PBS_USE_BRDF1 UNITY_SPECCUBE_BOX_PROJECTION UNITY_SPECCUBE_BLENDING UNITY_ENABLE_DETAIL_NORMALMAP SHADER_API_DESKTOP UNITY_COLORSPACE_GAMMA UNITY_LIGHT_PROBE_PROXY_VOLUME UNITY_LIGHTMAP_FULL_HDR ok=1
Cmd: disassembleShader
  api=4 insize=1102 outsize=2161 ok=1
Cmd: compileSnippet
  api=4 type=0 insize=4225 outsize=1294 kw=UNITY_PASS_FORWARDBASE DIRECTIONAL SHADOWS_SCREEN VERTEXLIGHT_ON pd=UNITY_ENABLE_REFLECTION_BUFFERS UNITY_USE_DITHER_MASK_FOR_ALPHABLENDED_SHADOWS UNITY_PBS_USE_BRDF1 UNITY_SPECCUBE_BOX_PROJECTION UNITY_SPECCUBE_BLENDING UNITY_ENABLE_DETAIL_NORMALMAP SHADER_API_DESKTOP UNITY_COLORSPACE_GAMMA UNITY_LIGHT_PROBE_PROXY_VOLUME UNITY_LIGHTMAP_FULL_HDR ok=1
Cmd: disassembleShader
  api=4 insize=1294 outsize=2492 ok=1
Cmd: disassembleShader
  api=4 insize=1730 outsize=2877 ok=1
Cmd: disassembleShader
  api=4 insize=1178 outsize=2335 ok=1
Cmd: compileSnippet
  api=4 type=0 insize=3653 outsize=1386 kw=UNITY_PASS_FORWARDADD DIRECTIONAL_COOKIE pd=UNITY_ENABLE_REFLECTION_BUFFERS UNITY_USE_DITHER_MASK_FOR_ALPHABLENDED_SHADOWS UNITY_PBS_USE_BRDF1 UNITY_SPECCUBE_BOX_PROJECTION UNITY_SPECCUBE_BLENDING UNITY_ENABLE_DETAIL_NORMALMAP SHADER_API_DESKTOP UNITY_COLORSPACE_GAMMA UNITY_LIGHT_PROBE_PROXY_VOLUME UNITY_LIGHTMAP_FULL_HDR ok=1
Cmd: disassembleShader
  api=4 insize=1386 outsize=2634 ok=1
Cmd: disassembleShader
  api=4 insize=1306 outsize=2500 ok=1
Cmd: compileSnippet
  api=4 type=1 insize=3653 outsize=1278 kw=UNITY_PASS_FORWARDADD DIRECTIONAL_COOKIE pd=UNITY_ENABLE_REFLECTION_BUFFERS UNITY_USE_DITHER_MASK_FOR_ALPHABLENDED_SHADOWS UNITY_PBS_USE_BRDF1 UNITY_SPECCUBE_BOX_PROJECTION UNITY_SPECCUBE_BLENDING UNITY_ENABLE_DETAIL_NORMALMAP SHADER_API_DESKTOP UNITY_COLORSPACE_GAMMA UNITY_LIGHT_PROBE_PROXY_VOLUME UNITY_LIGHTMAP_FULL_HDR ok=1
Cmd: disassembleShader
  api=4 insize=1278 outsize=2466 ok=1
Cmd: disassembleShader
  api=4 insize=1590 outsize=2695 ok=1
Cmd: disassembleShader
  api=4 insize=1590 outsize=2695 ok=1
Cmd: disassembleShader
  api=4 insize=1590 outsize=2695 ok=1
Cmd: disassembleShader
  api=4 insize=546 outsize=1214 ok=1
Cmd: disassembleShader
  api=4 insize=1294 outsize=2492 ok=1
Cmd: disassembleShader
  api=4 insize=1294 outsize=2492 ok=1
Cmd: disassembleShader
  api=4 insize=1102 outsize=2161 ok=1
Cmd: disassembleShader
  api=4 insize=1730 outsize=2877 ok=1
Cmd: disassembleShader
  api=4 insize=1914 outsize=3212 ok=1
Cmd: disassembleShader
  api=4 insize=1178 outsize=2335 ok=1
Cmd: disassembleShader
  api=4 insize=1438 outsize=2697 ok=1
Cmd: disassembleShader
  api=4 insize=1306 outsize=2500 ok=1
Cmd: disassembleShader
  api=4 insize=1398 outsize=2665 ok=1
